[debug] [2023-12-13T08:24:20.495Z] ----------------------------------------------------------------------
[debug] [2023-12-13T08:24:20.497Z] Command:       C:\Program Files\nodejs\node.exe C:\Users\user\AppData\Local\Yarn\Data\global\node_modules\firebase-tools\lib\bin\firebase.js init
[debug] [2023-12-13T08:24:20.497Z] CLI Version:   13.0.1
[debug] [2023-12-13T08:24:20.498Z] Platform:      win32
[debug] [2023-12-13T08:24:20.498Z] Node Version:  v18.16.0
[debug] [2023-12-13T08:24:20.498Z] Time:          Wed Dec 13 2023 12:24:20 GMT+0400 (Грузия, стандартное время)
[debug] [2023-12-13T08:24:20.499Z] ----------------------------------------------------------------------
[debug] 
[debug] [2023-12-13T08:24:20.504Z] > command requires scopes: ["email","openid","https://www.googleapis.com/auth/cloudplatformprojects.readonly","https://www.googleapis.com/auth/firebase","https://www.googleapis.com/auth/cloud-platform"]
[debug] [2023-12-13T08:24:20.505Z] > authorizing via signed-in user (trustmeeverydayandnow@gmail.com)
[info] 
     ######## #### ########  ######## ########     ###     ######  ########
     ##        ##  ##     ## ##       ##     ##  ##   ##  ##       ##
     ######    ##  ########  ######   ########  #########  ######  ######
     ##        ##  ##    ##  ##       ##     ## ##     ##       ## ##
     ##       #### ##     ## ######## ########  ##     ##  ######  ########

You're about to initialize a Firebase project in this directory:

  C:\Users\user\Desktop\my-react-app

[info] 
=== Project Setup
[info] 
[info] First, let's associate this project directory with a Firebase project.
[info] You can create multiple project aliases by running firebase use --add, 
[info] but for now we'll just set up a default project.
[info] 
[debug] [2023-12-13T08:24:54.679Z] >>> [apiv2][query] GET https://firebase.googleapis.com/v1beta1/projects pageSize=100
[debug] [2023-12-13T08:24:55.268Z] <<< [apiv2][status] GET https://firebase.googleapis.com/v1beta1/projects 200
[debug] [2023-12-13T08:24:55.268Z] <<< [apiv2][body] GET https://firebase.googleapis.com/v1beta1/projects [omitted]
[info] i  Using project auth-70640 (Auth) 
[info] 
=== Hosting Setup
[debug] [2023-12-13T08:24:59.776Z] >>> [apiv2][query] GET https://firebase.googleapis.com/v1beta1/projects/auth-70640 [none]
[debug] [2023-12-13T08:25:00.240Z] <<< [apiv2][status] GET https://firebase.googleapis.com/v1beta1/projects/auth-70640 200
[debug] [2023-12-13T08:25:00.241Z] <<< [apiv2][body] GET https://firebase.googleapis.com/v1beta1/projects/auth-70640 {"projectId":"auth-70640","projectNumber":"923943369855","displayName":"Auth","name":"projects/auth-70640","resources":{"hostingSite":"auth-70640","realtimeDatabaseInstance":"auth-70640-default-rtdb"},"state":"ACTIVE","etag":"1_8b8509ff-c57f-4f8a-87e4-549a2ea67792"}
[info] 
[info] Your public directory is the folder (relative to your project directory) that
[info] will contain Hosting assets to be uploaded with firebase deploy. If you
[info] have a build process for your assets, use your build's output directory.
[info] 
[debug] [2023-12-13T08:25:21.686Z] >>> [apiv2][query] GET https://www.gstatic.com/firebasejs/releases.json [none]
[debug] [2023-12-13T08:25:21.916Z] <<< [apiv2][status] GET https://www.gstatic.com/firebasejs/releases.json 200
[debug] [2023-12-13T08:25:21.916Z] <<< [apiv2][body] GET https://www.gstatic.com/firebasejs/releases.json {"current":{"version":"10.7.1","browserURL":"https://www.gstatic.com/firebasejs/10.7.1/firebase.js","packageURL":"https://www.gstatic.com/firebasejs/10.7.1/firebase.tgz"},"live":{"version":"10.7","browserURL":"https://www.gstatic.com/firebasejs/live/10.7/firebase.js","packageURL":"https://www.gstatic.com/firebasejs/live/10.7/firebase.tgz"},"components":{"analytics":"https://www.gstatic.com/firebasejs/10.7.1/firebase-analytics.js","app":"https://www.gstatic.com/firebasejs/10.7.1/firebase-app.js","app-check":"https://www.gstatic.com/firebasejs/10.7.1/firebase-app-check.js","auth":"https://www.gstatic.com/firebasejs/10.7.1/firebase-auth.js","auth/cordova":"https://www.gstatic.com/firebasejs/10.7.1/firebase-auth/cordova.js","functions":"https://www.gstatic.com/firebasejs/10.7.1/firebase-functions.js","firestore":"https://www.gstatic.com/firebasejs/10.7.1/firebase-firestore.js","firestore/lite":"https://www.gstatic.com/firebasejs/10.7.1/firebase-firestore/lite.js","installations":"https://www.gstatic.com/firebasejs/10.7.1/firebase-installations.js","storage":"https://www.gstatic.com/firebasejs/10.7.1/firebase-storage.js","performance":"https://www.gstatic.com/firebasejs/10.7.1/firebase-performance.js","remote-config":"https://www.gstatic.com/firebasejs/10.7.1/firebase-remote-config.js","messaging":"https://www.gstatic.com/firebasejs/10.7.1/firebase-messaging.js","messaging/sw":"https://www.gstatic.com/firebasejs/10.7.1/firebase-messaging/sw.js","database":"https://www.gstatic.com/firebasejs/10.7.1/firebase-database.js","firestore.memory":"https://www.gstatic.com/firebasejs/10.7.1/firebase-firestore.memory.js"}}
[info] +  Wrote Y/index.html 
[info] 
[info] i  Detected a .git folder at C:\Users\user\Desktop\my-react-app 
[info] i  Authorizing with GitHub to upload your service account to a GitHub repository's secrets store. 
[info] 
[info] Visit this URL on this device to log in:
[info] https://github.com/login/oauth/authorize?client_id=89cf50f02ac6aaed3484&state=146775682&redirect_uri=http%3A%2F%2Flocalhost%3A9005&scope=read%3Auser%20repo%20public_repo
[info] 
[info] Waiting for authentication...
[debug] [2023-12-13T08:25:32.017Z] >>> [apiv2][query] POST https://github.com/login/oauth/access_token [none]
[debug] [2023-12-13T08:25:32.017Z] >>> [apiv2][body] POST https://github.com/login/oauth/access_token [stream]
[debug] [2023-12-13T08:25:32.443Z] <<< [apiv2][status] POST https://github.com/login/oauth/access_token 200
[debug] [2023-12-13T08:25:32.443Z] <<< [apiv2][body] POST https://github.com/login/oauth/access_token {"access_token":"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","token_type":"bearer","scope":"read:user,repo"}
[debug] [2023-12-13T08:25:32.447Z] >>> [apiv2][query] GET https://api.github.com/user [none]
[debug] [2023-12-13T08:25:32.844Z] <<< [apiv2][status] GET https://api.github.com/user 200
[debug] [2023-12-13T08:25:32.844Z] <<< [apiv2][body] GET https://api.github.com/user {"login":"trustme6","id":122212471,"node_id":"U_kgDOB0jQdw","avatar_url":"https://avatars.githubusercontent.com/u/122212471?v=4","gravatar_id":"","url":"https://api.github.com/users/trustme6","html_url":"https://github.com/trustme6","followers_url":"https://api.github.com/users/trustme6/followers","following_url":"https://api.github.com/users/trustme6/following{/other_user}","gists_url":"https://api.github.com/users/trustme6/gists{/gist_id}","starred_url":"https://api.github.com/users/trustme6/starred{/owner}{/repo}","subscriptions_url":"https://api.github.com/users/trustme6/subscriptions","organizations_url":"https://api.github.com/users/trustme6/orgs","repos_url":"https://api.github.com/users/trustme6/repos","events_url":"https://api.github.com/users/trustme6/events{/privacy}","received_events_url":"https://api.github.com/users/trustme6/received_events","type":"User","site_admin":false,"name":null,"company":null,"blog":"","location":null,"email":null,"hireable":null,"bio":null,"twitter_username":null,"public_repos":3,"public_gists":0,"followers":1,"following":1,"created_at":"2023-01-08T13:02:22Z","updated_at":"2023-12-07T02:11:55Z","private_gists":0,"total_private_repos":0,"owned_private_repos":0,"disk_usage":5856,"collaborators":0,"two_factor_authentication":false,"plan":{"name":"free","space":976562499,"collaborators":0,"private_repos":10000}}
[info] 
[info] +  Success! Logged into GitHub as trustme6 
[info] 
[debug] [2023-12-13T08:25:46.933Z] >>> [apiv2][query] GET https://api.github.com/repos/y/actions/secrets/public-key type=owner
[debug] [2023-12-13T08:25:47.280Z] <<< [apiv2][status] GET https://api.github.com/repos/y/actions/secrets/public-key 404
[debug] [2023-12-13T08:25:47.280Z] <<< [apiv2][body] GET https://api.github.com/repos/y/actions/secrets/public-key {"message":"Not Found","documentation_url":"https://docs.github.com/rest"}
[info] 
[info] 
[error] !  The provided authorization cannot be used with this repository. If this repository is in an organization, did you remember to grant access? 
[info] 
[info] i  Action required: Visit this URL to ensure access has been granted to the appropriate organization(s) for the Firebase CLI GitHub OAuth App: 
[info] https://github.com/settings/connections/applications/89cf50f02ac6aaed3484
[info] 
